<?xml version="1.0" encoding="UTF-8"?>
<testng-results skipped="0" failed="0" ignored="0" total="1" passed="1">
  <reporter-output>
  </reporter-output>
  <suite name="Default suite" duration-ms="16589" started-at="2018-07-13T13:01:43Z" finished-at="2018-07-13T13:01:59Z">
    <groups>
    </groups>
    <test name="Default test" duration-ms="16589" started-at="2018-07-13T13:01:43Z" finished-at="2018-07-13T13:01:59Z">
      <class name="Testcases.TestBannerClick">
        <test-method status="PASS" signature="launchUrl()[pri:0, instance:Testcases.TestBannerClick@fe18270]" name="launchUrl" is-config="true" duration-ms="15235" started-at="2018-07-13T13:01:43Z" finished-at="2018-07-13T13:01:58Z">
          <reporter-output>
          </reporter-output>
        </test-method> <!-- launchUrl -->
        <test-method status="PASS" signature="Banner()[pri:0, instance:Testcases.TestBannerClick@fe18270]" name="Banner" duration-ms="1319" started-at="2018-07-13T13:01:58Z" finished-at="2018-07-13T13:01:59Z">
          <reporter-output>
          </reporter-output>
        </test-method> <!-- Banner -->
      </class> <!-- Testcases.TestBannerClick -->
    </test> <!-- Default test -->
  </suite> <!-- Default suite -->
</testng-results>
