<?xml version="1.0" encoding="UTF-8"?>
<testng-results skipped="0" failed="0" ignored="0" total="1" passed="1">
  <reporter-output>
  </reporter-output>
  <suite name="Default suite" duration-ms="34301" started-at="2018-07-12T13:30:38Z" finished-at="2018-07-12T13:31:12Z">
    <groups>
    </groups>
    <test name="Default test" duration-ms="34301" started-at="2018-07-12T13:30:38Z" finished-at="2018-07-12T13:31:12Z">
      <class name="Testcases.TestSearch$TestAccount">
        <test-method status="PASS" signature="launchUrl()[pri:0, instance:Testcases.TestSearch$TestAccount@6fb0d3ed]" name="launchUrl" is-config="true" duration-ms="31174" started-at="2018-07-12T13:30:38Z" finished-at="2018-07-12T13:31:09Z">
          <reporter-output>
          </reporter-output>
        </test-method> <!-- launchUrl -->
        <test-method status="PASS" signature="MyAccountInfo()[pri:0, instance:Testcases.TestSearch$TestAccount@6fb0d3ed]" name="MyAccountInfo" duration-ms="3087" started-at="2018-07-12T13:31:09Z" finished-at="2018-07-12T13:31:12Z">
          <reporter-output>
          </reporter-output>
        </test-method> <!-- MyAccountInfo -->
      </class> <!-- Testcases.TestSearch$TestAccount -->
    </test> <!-- Default test -->
  </suite> <!-- Default suite -->
</testng-results>
