<?xml version="1.0" encoding="UTF-8"?>
<testng-results skipped="0" failed="1" ignored="0" total="5" passed="4">
  <reporter-output>
    <line>
      <![CDATA[Account : loginIcon button clicked]]>
    </line>
    <line>
      <![CDATA[Account : MyAccount button clicked]]>
    </line>
    <line>
      <![CDATA[Account : editProfileButton button clicked]]>
    </line>
    <line>
      <![CDATA[Account : saveProfileButton button clicked]]>
    </line>
    <line>
      <![CDATA[Account : changeAccountPasswordButton button clicked]]>
    </line>
    <line>
      <![CDATA[Account : newPasswordBox button clicked]]>
    </line>
    <line>
      <![CDATA[Account : confirmPasswordBox button clicked]]>
    </line>
    <line>
      <![CDATA[Account : savePasswordButton button clicked]]>
    </line>
    <line>
      <![CDATA[Account : mySavedAddress button clicked]]>
    </line>
    <line>
      <![CDATA[Account : openAddNewAddress button clicked]]>
    </line>
    <line>
      <![CDATA[Account : firstNameAddNewAddress button clicked]]>
    </line>
    <line>
      <![CDATA[Account : LastNameAddNewAddress button clicked]]>
    </line>
    <line>
      <![CDATA[Account : pincodeAddNewAddress button clicked]]>
    </line>
    <line>
      <![CDATA[Account : address1AddNewAddress button clicked]]>
    </line>
    <line>
      <![CDATA[Account : phoneAddNewAddress button clicked]]>
    </line>
    <line>
      <![CDATA[Account : saveAddressInAddNewAddress button clicked]]>
    </line>
    <line>
      <![CDATA[Account : deleteAddress button clicked]]>
    </line>
    <line>
      <![CDATA[Account : deleteAddressconfirm button clicked]]>
    </line>
    <line>
      <![CDATA[Account : signOut button clicked]]>
    </line>
    <line>
      <![CDATA[Account : signOut button clicked]]>
    </line>
  </reporter-output>
  <suite name="Default suite" duration-ms="138298" started-at="2018-07-16T13:55:25Z" finished-at="2018-07-16T13:57:43Z">
    <groups>
    </groups>
    <test name="Default test" duration-ms="138298" started-at="2018-07-16T13:55:25Z" finished-at="2018-07-16T13:57:43Z">
      <class name="Testcases.TestAccount">
        <test-method status="PASS" signature="launchUrl()[pri:0, instance:Testcases.TestAccount@b3d7190]" name="launchUrl" is-config="true" duration-ms="77950" started-at="2018-07-16T13:55:25Z" finished-at="2018-07-16T13:56:43Z">
          <reporter-output>
          </reporter-output>
        </test-method> <!-- launchUrl -->
        <test-method status="PASS" signature="MyAccountInfo()[pri:0, instance:Testcases.TestAccount@b3d7190]" name="MyAccountInfo" duration-ms="15796" started-at="2018-07-16T13:56:43Z" finished-at="2018-07-16T13:56:59Z">
          <reporter-output>
            <line>
              <![CDATA[Account : loginIcon button clicked]]>
            </line>
            <line>
              <![CDATA[Account : MyAccount button clicked]]>
            </line>
            <line>
              <![CDATA[Account : editProfileButton button clicked]]>
            </line>
            <line>
              <![CDATA[Account : saveProfileButton button clicked]]>
            </line>
          </reporter-output>
        </test-method> <!-- MyAccountInfo -->
        <test-method status="PASS" signature="MyAccountChangePassword()[pri:1, instance:Testcases.TestAccount@b3d7190]" name="MyAccountChangePassword" duration-ms="691" started-at="2018-07-16T13:56:59Z" finished-at="2018-07-16T13:57:00Z">
          <reporter-output>
            <line>
              <![CDATA[Account : changeAccountPasswordButton button clicked]]>
            </line>
            <line>
              <![CDATA[Account : newPasswordBox button clicked]]>
            </line>
            <line>
              <![CDATA[Account : confirmPasswordBox button clicked]]>
            </line>
            <line>
              <![CDATA[Account : savePasswordButton button clicked]]>
            </line>
          </reporter-output>
        </test-method> <!-- MyAccountChangePassword -->
        <test-method status="PASS" signature="MyAccountOrderPage()[pri:2, instance:Testcases.TestAccount@b3d7190]" name="MyAccountOrderPage" duration-ms="1792" started-at="2018-07-16T13:57:00Z" finished-at="2018-07-16T13:57:01Z">
          <reporter-output>
          </reporter-output>
        </test-method> <!-- MyAccountOrderPage -->
        <test-method status="PASS" signature="MyAccountSaveAddressPage()[pri:3, instance:Testcases.TestAccount@b3d7190]" name="MyAccountSaveAddressPage" duration-ms="8229" started-at="2018-07-16T13:57:01Z" finished-at="2018-07-16T13:57:10Z">
          <reporter-output>
            <line>
              <![CDATA[Account : mySavedAddress button clicked]]>
            </line>
            <line>
              <![CDATA[Account : openAddNewAddress button clicked]]>
            </line>
            <line>
              <![CDATA[Account : firstNameAddNewAddress button clicked]]>
            </line>
            <line>
              <![CDATA[Account : LastNameAddNewAddress button clicked]]>
            </line>
            <line>
              <![CDATA[Account : pincodeAddNewAddress button clicked]]>
            </line>
            <line>
              <![CDATA[Account : address1AddNewAddress button clicked]]>
            </line>
            <line>
              <![CDATA[Account : phoneAddNewAddress button clicked]]>
            </line>
            <line>
              <![CDATA[Account : saveAddressInAddNewAddress button clicked]]>
            </line>
            <line>
              <![CDATA[Account : deleteAddress button clicked]]>
            </line>
            <line>
              <![CDATA[Account : deleteAddressconfirm button clicked]]>
            </line>
          </reporter-output>
        </test-method> <!-- MyAccountSaveAddressPage -->
        <test-method status="FAIL" signature="MyAccountSignOutPage()[pri:4, instance:Testcases.TestAccount@b3d7190]" name="MyAccountSignOutPage" duration-ms="31124" started-at="2018-07-16T13:57:10Z" finished-at="2018-07-16T13:57:41Z">
          <exception class="org.openqa.selenium.NoSuchElementException">
            <message>
              <![CDATA[no such element: Unable to locate element: {"method":"xpath","selector":"//*[contains(text(),'yes, sign me out')]"}
  (Session info: chrome=67.0.3396.99)
  (Driver info: chromedriver=2.40.565498 (ea082db3280dd6843ebfb08a625e3eb905c4f5ab),platform=Windows NT 6.1.7601 SP1 x86_64) (WARNING: The server did not provide any stacktrace information)
Command duration or timeout: 0 milliseconds
For documentation on this error, please visit: http://seleniumhq.org/exceptions/no_such_element.html
Build info: version: '3.13.0', revision: '2f0d292', time: '2018-06-25T15:24:21.231Z'
System info: host: 'EMB-BAN-168', ip: '10.99.90.140', os.name: 'Windows 7', os.arch: 'amd64', os.version: '6.1', java.version: '1.8.0_171'
Driver info: org.openqa.selenium.chrome.ChromeDriver
Capabilities {acceptInsecureCerts: false, acceptSslCerts: false, applicationCacheEnabled: false, browserConnectionEnabled: false, browserName: chrome, chrome: {chromedriverVersion: 2.40.565498 (ea082db3280dd6..., userDataDir: C:\Users\EMB-VI~1\AppData\L...}, cssSelectorsEnabled: true, databaseEnabled: false, handlesAlerts: true, hasTouchScreen: false, javascriptEnabled: true, locationContextEnabled: true, mobileEmulationEnabled: false, nativeEvents: true, networkConnectionEnabled: false, pageLoadStrategy: normal, platform: XP, platformName: XP, rotatable: false, setWindowRect: true, takesHeapSnapshot: true, takesScreenshot: true, unexpectedAlertBehaviour: , unhandledPromptBehavior: , version: 67.0.3396.99, webStorageEnabled: true}
Session ID: 00c9f8881c6180bcdd6e18baa2f80421
*** Element info: {Using=xpath, value=//*[contains(text(),'yes, sign me out')]}]]>
            </message>
            <full-stacktrace>
              <![CDATA[org.openqa.selenium.NoSuchElementException: no such element: Unable to locate element: {"method":"xpath","selector":"//*[contains(text(),'yes, sign me out')]"}
  (Session info: chrome=67.0.3396.99)
  (Driver info: chromedriver=2.40.565498 (ea082db3280dd6843ebfb08a625e3eb905c4f5ab),platform=Windows NT 6.1.7601 SP1 x86_64) (WARNING: The server did not provide any stacktrace information)
Command duration or timeout: 0 milliseconds
For documentation on this error, please visit: http://seleniumhq.org/exceptions/no_such_element.html
Build info: version: '3.13.0', revision: '2f0d292', time: '2018-06-25T15:24:21.231Z'
System info: host: 'EMB-BAN-168', ip: '10.99.90.140', os.name: 'Windows 7', os.arch: 'amd64', os.version: '6.1', java.version: '1.8.0_171'
Driver info: org.openqa.selenium.chrome.ChromeDriver
Capabilities {acceptInsecureCerts: false, acceptSslCerts: false, applicationCacheEnabled: false, browserConnectionEnabled: false, browserName: chrome, chrome: {chromedriverVersion: 2.40.565498 (ea082db3280dd6..., userDataDir: C:\Users\EMB-VI~1\AppData\L...}, cssSelectorsEnabled: true, databaseEnabled: false, handlesAlerts: true, hasTouchScreen: false, javascriptEnabled: true, locationContextEnabled: true, mobileEmulationEnabled: false, nativeEvents: true, networkConnectionEnabled: false, pageLoadStrategy: normal, platform: XP, platformName: XP, rotatable: false, setWindowRect: true, takesHeapSnapshot: true, takesScreenshot: true, unexpectedAlertBehaviour: , unhandledPromptBehavior: , version: 67.0.3396.99, webStorageEnabled: true}
Session ID: 00c9f8881c6180bcdd6e18baa2f80421
*** Element info: {Using=xpath, value=//*[contains(text(),'yes, sign me out')]}
at sun.reflect.NativeConstructorAccessorImpl.newInstance0(Native Method)
at sun.reflect.NativeConstructorAccessorImpl.newInstance(Unknown Source)
at sun.reflect.DelegatingConstructorAccessorImpl.newInstance(Unknown Source)
at java.lang.reflect.Constructor.newInstance(Unknown Source)
at org.openqa.selenium.remote.ErrorHandler.createThrowable(ErrorHandler.java:214)
at org.openqa.selenium.remote.ErrorHandler.throwIfResponseFailed(ErrorHandler.java:166)
at org.openqa.selenium.remote.http.JsonHttpResponseCodec.reconstructValue(JsonHttpResponseCodec.java:40)
at org.openqa.selenium.remote.http.AbstractHttpResponseCodec.decode(AbstractHttpResponseCodec.java:80)
at org.openqa.selenium.remote.http.AbstractHttpResponseCodec.decode(AbstractHttpResponseCodec.java:44)
at org.openqa.selenium.remote.HttpCommandExecutor.execute(HttpCommandExecutor.java:158)
at org.openqa.selenium.remote.service.DriverCommandExecutor.execute(DriverCommandExecutor.java:83)
at org.openqa.selenium.remote.RemoteWebDriver.execute(RemoteWebDriver.java:548)
at org.openqa.selenium.remote.RemoteWebDriver.findElement(RemoteWebDriver.java:322)
at org.openqa.selenium.remote.RemoteWebDriver.findElementByXPath(RemoteWebDriver.java:424)
at org.openqa.selenium.By$ByXPath.findElement(By.java:353)
at org.openqa.selenium.remote.RemoteWebDriver.findElement(RemoteWebDriver.java:314)
at org.openqa.selenium.support.pagefactory.DefaultElementLocator.findElement(DefaultElementLocator.java:69)
at org.openqa.selenium.support.pagefactory.internal.LocatingElementHandler.invoke(LocatingElementHandler.java:38)
at com.sun.proxy.$Proxy9.click(Unknown Source)
at Testcases.TestAccount.MyAccountSignOutPage(TestAccount.java:133)
at sun.reflect.NativeMethodAccessorImpl.invoke0(Native Method)
at sun.reflect.NativeMethodAccessorImpl.invoke(Unknown Source)
at sun.reflect.DelegatingMethodAccessorImpl.invoke(Unknown Source)
at java.lang.reflect.Method.invoke(Unknown Source)
at org.testng.internal.MethodInvocationHelper.invokeMethod(MethodInvocationHelper.java:124)
at org.testng.internal.Invoker.invokeMethod(Invoker.java:580)
at org.testng.internal.Invoker.invokeTestMethod(Invoker.java:716)
at org.testng.internal.Invoker.invokeTestMethods(Invoker.java:988)
at org.testng.internal.TestMethodWorker.invokeTestMethods(TestMethodWorker.java:125)
at org.testng.internal.TestMethodWorker.run(TestMethodWorker.java:109)
at org.testng.TestRunner.privateRun(TestRunner.java:648)
at org.testng.TestRunner.run(TestRunner.java:505)
at org.testng.SuiteRunner.runTest(SuiteRunner.java:455)
at org.testng.SuiteRunner.runSequentially(SuiteRunner.java:450)
at org.testng.SuiteRunner.privateRun(SuiteRunner.java:415)
at org.testng.SuiteRunner.run(SuiteRunner.java:364)
at org.testng.SuiteRunnerWorker.runSuite(SuiteRunnerWorker.java:52)
at org.testng.SuiteRunnerWorker.run(SuiteRunnerWorker.java:84)
at org.testng.TestNG.runSuitesSequentially(TestNG.java:1208)
at org.testng.TestNG.runSuitesLocally(TestNG.java:1137)
at org.testng.TestNG.runSuites(TestNG.java:1049)
at org.testng.TestNG.run(TestNG.java:1017)
at org.testng.remote.AbstractRemoteTestNG.run(AbstractRemoteTestNG.java:114)
at org.testng.remote.RemoteTestNG.initAndRun(RemoteTestNG.java:251)
at org.testng.remote.RemoteTestNG.main(RemoteTestNG.java:77)
]]>
            </full-stacktrace>
          </exception> <!-- org.openqa.selenium.NoSuchElementException -->
          <reporter-output>
            <line>
              <![CDATA[Account : signOut button clicked]]>
            </line>
            <line>
              <![CDATA[Account : signOut button clicked]]>
            </line>
          </reporter-output>
        </test-method> <!-- MyAccountSignOutPage -->
        <test-method status="PASS" signature="closeBrowser()[pri:0, instance:Testcases.TestAccount@b3d7190]" name="closeBrowser" is-config="true" duration-ms="2675" started-at="2018-07-16T13:57:41Z" finished-at="2018-07-16T13:57:43Z">
          <reporter-output>
          </reporter-output>
        </test-method> <!-- closeBrowser -->
      </class> <!-- Testcases.TestAccount -->
    </test> <!-- Default test -->
  </suite> <!-- Default suite -->
</testng-results>
